# JRE version: Java(TM) SE Runtime Environment (7.0_80-b15) (build 1.7.0_80-b15)
# Java VM: Java HotSpot(TM) 64-Bit Server VM (24.80-b11 mixed mode linux-amd64 compressed oops)
Heap
 PSYoungGen      total 48640K, used 1521K [0x00000000eaa80000, 0x00000000edb80000, 0x0000000100000000)
  eden space 47104K, 0% used [0x00000000eaa80000,0x00000000eaa80000,0x00000000ed880000)
  from space 1536K, 99% used [0x00000000ed880000,0x00000000ed9fc658,0x00000000eda00000)
  to   space 1536K, 0% used [0x00000000eda00000,0x00000000eda00000,0x00000000edb80000)
 ParOldGen       total 29184K, used 18492K [0x00000000c0000000, 0x00000000c1c80000, 0x00000000eaa80000)
  object space 29184K, 63% used [0x00000000c0000000,0x00000000c120f2e8,0x00000000c1c80000)
 PSPermGen       total 21504K, used 5900K [0x00000000bae00000, 0x00000000bc300000, 0x00000000c0000000)
  object space 21504K, 27% used [0x00000000bae00000,0x00000000bb3c3170,0x00000000bc300000)
GC Heap History (9 events):
Event: 2,041 GC heap before
{Heap before GC invocations=1 (full 0):
 PSYoungGen      total 13312K, used 11776K [0x00000000eaa80000, 0x00000000eb900000, 0x0000000100000000)
  eden space 11776K, 100% used [0x00000000eaa80000,0x00000000eb600000,0x00000000eb600000)
  from space 1536K, 0% used [0x00000000eb780000,0x00000000eb780000,0x00000000eb900000)
  to   space 1536K, 0% used [0x00000000eb600000,0x00000000eb600000,0x00000000eb780000)
 ParOldGen       total 29184K, used 0K [0x00000000c0000000, 0x00000000c1c80000, 0x00000000eaa80000)
  object space 29184K, 0% used [0x00000000c0000000,0x00000000c0000000,0x00000000c1c80000)
 PSPermGen       total 21504K, used 4819K [0x00000000bae00000, 0x00000000bc300000, 0x00000000c0000000)
  object space 21504K, 22% used [0x00000000bae00000,0x00000000bb2b4c58,0x00000000bc300000)
Event: 2,078 GC heap after
Heap after GC invocations=1 (full 0):
 PSYoungGen      total 13312K, used 1509K [0x00000000eaa80000, 0x00000000ec480000, 0x0000000100000000)
  eden space 11776K, 0% used [0x00000000eaa80000,0x00000000eaa80000,0x00000000eb600000)
  from space 1536K, 98% used [0x00000000eb600000,0x00000000eb779710,0x00000000eb780000)
  to   space 1536K, 0% used [0x00000000ec300000,0x00000000ec300000,0x00000000ec480000)
 ParOldGen       total 29184K, used 665K [0x00000000c0000000, 0x00000000c1c80000, 0x00000000eaa80000)
  object space 29184K, 2% used [0x00000000c0000000,0x00000000c00a6500,0x00000000c1c80000)
 PSPermGen       total 21504K, used 4819K [0x00000000bae00000, 0x00000000bc300000, 0x00000000c0000000)
  object space 21504K, 22% used [0x00000000bae00000,0x00000000bb2b4c58,0x00000000bc300000)
}
Event: 3,676 GC heap before
{Heap before GC invocations=2 (full 0):
 PSYoungGen      total 13312K, used 13285K [0x00000000eaa80000, 0x00000000ec480000, 0x0000000100000000)
  eden space 11776K, 100% used [0x00000000eaa80000,0x00000000eb600000,0x00000000eb600000)
  from space 1536K, 98% used [0x00000000eb600000,0x00000000eb779710,0x00000000eb780000)
  to   space 1536K, 0% used [0x00000000ec300000,0x00000000ec300000,0x00000000ec480000)
 ParOldGen       total 29184K, used 665K [0x00000000c0000000, 0x00000000c1c80000, 0x00000000eaa80000)
  object space 29184K, 2% used [0x00000000c0000000,0x00000000c00a6500,0x00000000c1c80000)
 PSPermGen       total 21504K, used 5641K [0x00000000bae00000, 0x00000000bc300000, 0x00000000c0000000)
  object space 21504K, 26% used [0x00000000bae00000,0x00000000bb382450,0x00000000bc300000)
Event: 3,821 GC heap after
Heap after GC invocations=2 (full 0):
 PSYoungGen      total 25088K, used 1527K [0x00000000eaa80000, 0x00000000ec480000, 0x0000000100000000)
  eden space 23552K, 0% used [0x00000000eaa80000,0x00000000eaa80000,0x00000000ec180000)
  from space 1536K, 99% used [0x00000000ec300000,0x00000000ec47dc60,0x00000000ec480000)
  to   space 1536K, 0% used [0x00000000ec180000,0x00000000ec180000,0x00000000ec300000)
 ParOldGen       total 29184K, used 2789K [0x00000000c0000000, 0x00000000c1c80000, 0x00000000eaa80000)
  object space 29184K, 9% used [0x00000000c0000000,0x00000000c02b94a0,0x00000000c1c80000)
 PSPermGen       total 21504K, used 5641K [0x00000000bae00000, 0x00000000bc300000, 0x00000000c0000000)
  object space 21504K, 26% used [0x00000000bae00000,0x00000000bb382450,0x00000000bc300000)
}
Event: 7,095 GC heap before
{Heap before GC invocations=3 (full 0):
 PSYoungGen      total 25088K, used 25079K [0x00000000eaa80000, 0x00000000ec480000, 0x0000000100000000)
  eden space 23552K, 100% used [0x00000000eaa80000,0x00000000ec180000,0x00000000ec180000)
  from space 1536K, 99% used [0x00000000ec300000,0x00000000ec47dc60,0x00000000ec480000)
  to   space 1536K, 0% used [0x00000000ec180000,0x00000000ec180000,0x00000000ec300000)
 ParOldGen       total 29184K, used 2789K [0x00000000c0000000, 0x00000000c1c80000, 0x00000000eaa80000)
  object space 29184K, 9% used [0x00000000c0000000,0x00000000c02b94a0,0x00000000c1c80000)
 PSPermGen       total 21504K, used 5806K [0x00000000bae00000, 0x00000000bc300000, 0x00000000c0000000)
  object space 21504K, 27% used [0x00000000bae00000,0x00000000bb3ab898,0x00000000bc300000)
Event: 7,279 GC heap after
Heap after GC invocations=3 (full 0):
 PSYoungGen      total 25088K, used 1527K [0x00000000eaa80000, 0x00000000edb80000, 0x0000000100000000)
  eden space 23552K, 0% used [0x00000000eaa80000,0x00000000eaa80000,0x00000000ec180000)
  from space 1536K, 99% used [0x00000000ec180000,0x00000000ec2fde70,0x00000000ec300000)
  to   space 1536K, 0% used [0x00000000eda00000,0x00000000eda00000,0x00000000edb80000)
 ParOldGen       total 29184K, used 6885K [0x00000000c0000000, 0x00000000c1c80000, 0x00000000eaa80000)
  object space 29184K, 23% used [0x00000000c0000000,0x00000000c06b9700,0x00000000c1c80000)
 PSPermGen       total 21504K, used 5806K [0x00000000bae00000, 0x00000000bc300000, 0x00000000c0000000)
  object space 21504K, 27% used [0x00000000bae00000,0x00000000bb3ab898,0x00000000bc300000)
}
Event: 10,767 GC heap before
{Heap before GC invocations=4 (full 0):
 PSYoungGen      total 25088K, used 25079K [0x00000000eaa80000, 0x00000000edb80000, 0x0000000100000000)
  eden space 23552K, 100% used [0x00000000eaa80000,0x00000000ec180000,0x00000000ec180000)
  from space 1536K, 99% used [0x00000000ec180000,0x00000000ec2fde70,0x00000000ec300000)
  to   space 1536K, 0% used [0x00000000eda00000,0x00000000eda00000,0x00000000edb80000)
 ParOldGen       total 29184K, used 6885K [0x00000000c0000000, 0x00000000c1c80000, 0x00000000eaa80000)
  object space 29184K, 23% used [0x00000000c0000000,0x00000000c06b9700,0x00000000c1c80000)
 PSPermGen       total 21504K, used 5857K [0x00000000bae00000, 0x00000000bc300000, 0x00000000c0000000)
  object space 21504K, 27% used [0x00000000bae00000,0x00000000bb3b8758,0x00000000bc300000)
Event: 11,028 GC heap after
Heap after GC invocations=4 (full 0):
 PSYoungGen      total 48640K, used 1508K [0x00000000eaa80000, 0x00000000edb80000, 0x0000000100000000)
  eden space 47104K, 0% used [0x00000000eaa80000,0x00000000eaa80000,0x00000000ed880000)
  from space 1536K, 98% used [0x00000000eda00000,0x00000000edb79140,0x00000000edb80000)
  to   space 1536K, 0% used [0x00000000ed880000,0x00000000ed880000,0x00000000eda00000)
 ParOldGen       total 29184K, used 10977K [0x00000000c0000000, 0x00000000c1c80000, 0x00000000eaa80000)
  object space 29184K, 37% used [0x00000000c0000000,0x00000000c0ab8618,0x00000000c1c80000)
 PSPermGen       total 21504K, used 5857K [0x00000000bae00000, 0x00000000bc300000, 0x00000000c0000000)
  object space 21504K, 27% used [0x00000000bae00000,0x00000000bb3b8758,0x00000000bc300000)
}
Event: 19,796 GC heap before
{Heap before GC invocations=5 (full 0):
 PSYoungGen      total 48640K, used 48612K [0x00000000eaa80000, 0x00000000edb80000, 0x0000000100000000)
  eden space 47104K, 100% used [0x00000000eaa80000,0x00000000ed880000,0x00000000ed880000)
  from space 1536K, 98% used [0x00000000eda00000,0x00000000edb79140,0x00000000edb80000)
  to   space 1536K, 0% used [0x00000000ed880000,0x00000000ed880000,0x00000000eda00000)
 ParOldGen       total 29184K, used 10977K [0x00000000c0000000, 0x00000000c1c80000, 0x00000000eaa80000)
  object space 29184K, 37% used [0x00000000c0000000,0x00000000c0ab8618,0x00000000c1c80000)
 PSPermGen       total 21504K, used 5900K [0x00000000bae00000, 0x00000000bc300000, 0x00000000c0000000)
  object space 21504K, 27% used [0x00000000bae00000,0x00000000bb3c3170,0x00000000bc300000)

