# JRE version: Java(TM) SE Runtime Environment (7.0_80-b15) (build 1.7.0_80-b15)
# Java VM: Java HotSpot(TM) 64-Bit Server VM (24.80-b11 mixed mode linux-amd64 compressed oops)
Heap
 PSYoungGen      total 25088K, used 1535K [0x00000000eaa80000, 0x00000000ec480000, 0x0000000100000000)
  eden space 23552K, 0% used [0x00000000eaa80000,0x00000000eaa80000,0x00000000ec180000)
  from space 1536K, 99% used [0x00000000ec180000,0x00000000ec2ffd30,0x00000000ec300000)
  to   space 1536K, 0% used [0x00000000ec300000,0x00000000ec300000,0x00000000ec480000)
 ParOldGen       total 29184K, used 10107K [0x00000000c0000000, 0x00000000c1c80000, 0x00000000eaa80000)
  object space 29184K, 34% used [0x00000000c0000000,0x00000000c09defe0,0x00000000c1c80000)
 PSPermGen       total 21504K, used 5853K [0x00000000bae00000, 0x00000000bc300000, 0x00000000c0000000)
  object space 21504K, 27% used [0x00000000bae00000,0x00000000bb3b77c0,0x00000000bc300000)
GC Heap History (9 events):
Event: 6,008 GC heap before
{Heap before GC invocations=1 (full 0):
 PSYoungGen      total 13312K, used 11776K [0x00000000eaa80000, 0x00000000eb900000, 0x0000000100000000)
  eden space 11776K, 100% used [0x00000000eaa80000,0x00000000eb600000,0x00000000eb600000)
  from space 1536K, 0% used [0x00000000eb780000,0x00000000eb780000,0x00000000eb900000)
  to   space 1536K, 0% used [0x00000000eb600000,0x00000000eb600000,0x00000000eb780000)
 ParOldGen       total 29184K, used 0K [0x00000000c0000000, 0x00000000c1c80000, 0x00000000eaa80000)
  object space 29184K, 0% used [0x00000000c0000000,0x00000000c0000000,0x00000000c1c80000)
 PSPermGen       total 21504K, used 3248K [0x00000000bae00000, 0x00000000bc300000, 0x00000000c0000000)
  object space 21504K, 15% used [0x00000000bae00000,0x00000000bb12c1a8,0x00000000bc300000)
Event: 6,012 GC heap after
Heap after GC invocations=1 (full 0):
 PSYoungGen      total 13312K, used 766K [0x00000000eaa80000, 0x00000000eb900000, 0x0000000100000000)
  eden space 11776K, 0% used [0x00000000eaa80000,0x00000000eaa80000,0x00000000eb600000)
  from space 1536K, 49% used [0x00000000eb600000,0x00000000eb6bf9a0,0x00000000eb780000)
  to   space 1536K, 0% used [0x00000000eb780000,0x00000000eb780000,0x00000000eb900000)
 ParOldGen       total 29184K, used 0K [0x00000000c0000000, 0x00000000c1c80000, 0x00000000eaa80000)
  object space 29184K, 0% used [0x00000000c0000000,0x00000000c0000000,0x00000000c1c80000)
 PSPermGen       total 21504K, used 3248K [0x00000000bae00000, 0x00000000bc300000, 0x00000000c0000000)
  object space 21504K, 15% used [0x00000000bae00000,0x00000000bb12c1a8,0x00000000bc300000)
}
Event: 8,485 GC heap before
{Heap before GC invocations=2 (full 0):
 PSYoungGen      total 13312K, used 12542K [0x00000000eaa80000, 0x00000000eb900000, 0x0000000100000000)
  eden space 11776K, 100% used [0x00000000eaa80000,0x00000000eb600000,0x00000000eb600000)
  from space 1536K, 49% used [0x00000000eb600000,0x00000000eb6bf9a0,0x00000000eb780000)
  to   space 1536K, 0% used [0x00000000eb780000,0x00000000eb780000,0x00000000eb900000)
 ParOldGen       total 29184K, used 0K [0x00000000c0000000, 0x00000000c1c80000, 0x00000000eaa80000)
  object space 29184K, 0% used [0x00000000c0000000,0x00000000c0000000,0x00000000c1c80000)
 PSPermGen       total 21504K, used 5537K [0x00000000bae00000, 0x00000000bc300000, 0x00000000c0000000)
  object space 21504K, 25% used [0x00000000bae00000,0x00000000bb368578,0x00000000bc300000)
Event: 8,538 GC heap after
Heap after GC invocations=2 (full 0):
 PSYoungGen      total 13312K, used 1523K [0x00000000eaa80000, 0x00000000ec480000, 0x0000000100000000)
  eden space 11776K, 0% used [0x00000000eaa80000,0x00000000eaa80000,0x00000000eb600000)
  from space 1536K, 99% used [0x00000000eb780000,0x00000000eb8fce68,0x00000000eb900000)
  to   space 1536K, 0% used [0x00000000eb600000,0x00000000eb600000,0x00000000eb780000)
 ParOldGen       total 29184K, used 1751K [0x00000000c0000000, 0x00000000c1c80000, 0x00000000eaa80000)
  object space 29184K, 6% used [0x00000000c0000000,0x00000000c01b5df0,0x00000000c1c80000)
 PSPermGen       total 21504K, used 5537K [0x00000000bae00000, 0x00000000bc300000, 0x00000000c0000000)
  object space 21504K, 25% used [0x00000000bae00000,0x00000000bb368578,0x00000000bc300000)
}
Event: 12,997 GC heap before
{Heap before GC invocations=3 (full 0):
 PSYoungGen      total 13312K, used 13299K [0x00000000eaa80000, 0x00000000ec480000, 0x0000000100000000)
  eden space 11776K, 100% used [0x00000000eaa80000,0x00000000eb600000,0x00000000eb600000)
  from space 1536K, 99% used [0x00000000eb780000,0x00000000eb8fce68,0x00000000eb900000)
  to   space 1536K, 0% used [0x00000000eb600000,0x00000000eb600000,0x00000000eb780000)
 ParOldGen       total 29184K, used 1751K [0x00000000c0000000, 0x00000000c1c80000, 0x00000000eaa80000)
  object space 29184K, 6% used [0x00000000c0000000,0x00000000c01b5df0,0x00000000c1c80000)
 PSPermGen       total 21504K, used 5686K [0x00000000bae00000, 0x00000000bc300000, 0x00000000c0000000)
  object space 21504K, 26% used [0x00000000bae00000,0x00000000bb38d9d0,0x00000000bc300000)
Event: 13,141 GC heap after
Heap after GC invocations=3 (full 0):
 PSYoungGen      total 13312K, used 1519K [0x00000000eaa80000, 0x00000000ec480000, 0x0000000100000000)
  eden space 11776K, 0% used [0x00000000eaa80000,0x00000000eaa80000,0x00000000eb600000)
  from space 1536K, 98% used [0x00000000eb600000,0x00000000eb77bd58,0x00000000eb780000)
  to   space 1536K, 0% used [0x00000000ec300000,0x00000000ec300000,0x00000000ec480000)
 ParOldGen       total 29184K, used 4128K [0x00000000c0000000, 0x00000000c1c80000, 0x00000000eaa80000)
  object space 29184K, 14% used [0x00000000c0000000,0x00000000c0408230,0x00000000c1c80000)
 PSPermGen       total 21504K, used 5686K [0x00000000bae00000, 0x00000000bc300000, 0x00000000c0000000)
  object space 21504K, 26% used [0x00000000bae00000,0x00000000bb38d9d0,0x00000000bc300000)
}
Event: 14,835 GC heap before
{Heap before GC invocations=4 (full 0):
 PSYoungGen      total 13312K, used 13295K [0x00000000eaa80000, 0x00000000ec480000, 0x0000000100000000)
  eden space 11776K, 100% used [0x00000000eaa80000,0x00000000eb600000,0x00000000eb600000)
  from space 1536K, 98% used [0x00000000eb600000,0x00000000eb77bd58,0x00000000eb780000)
  to   space 1536K, 0% used [0x00000000ec300000,0x00000000ec300000,0x00000000ec480000)
 ParOldGen       total 29184K, used 4128K [0x00000000c0000000, 0x00000000c1c80000, 0x00000000eaa80000)
  object space 29184K, 14% used [0x00000000c0000000,0x00000000c0408230,0x00000000c1c80000)
 PSPermGen       total 21504K, used 5795K [0x00000000bae00000, 0x00000000bc300000, 0x00000000c0000000)
  object space 21504K, 26% used [0x00000000bae00000,0x00000000bb3a8e80,0x00000000bc300000)
Event: 14,986 GC heap after
Heap after GC invocations=4 (full 0):
 PSYoungGen      total 25088K, used 1519K [0x00000000eaa80000, 0x00000000ec480000, 0x0000000100000000)
  eden space 23552K, 0% used [0x00000000eaa80000,0x00000000eaa80000,0x00000000ec180000)
  from space 1536K, 98% used [0x00000000ec300000,0x00000000ec47bd80,0x00000000ec480000)
  to   space 1536K, 0% used [0x00000000ec180000,0x00000000ec180000,0x00000000ec300000)
 ParOldGen       total 29184K, used 6457K [0x00000000c0000000, 0x00000000c1c80000, 0x00000000eaa80000)
  object space 29184K, 22% used [0x00000000c0000000,0x00000000c064e648,0x00000000c1c80000)
 PSPermGen       total 21504K, used 5795K [0x00000000bae00000, 0x00000000bc300000, 0x00000000c0000000)
  object space 21504K, 26% used [0x00000000bae00000,0x00000000bb3a8e80,0x00000000bc300000)
}
Event: 19,337 GC heap before
{Heap before GC invocations=5 (full 0):
 PSYoungGen      total 25088K, used 25071K [0x00000000eaa80000, 0x00000000ec480000, 0x0000000100000000)
  eden space 23552K, 100% used [0x00000000eaa80000,0x00000000ec180000,0x00000000ec180000)
  from space 1536K, 98% used [0x00000000ec300000,0x00000000ec47bd80,0x00000000ec480000)
  to   space 1536K, 0% used [0x00000000ec180000,0x00000000ec180000,0x00000000ec300000)
 ParOldGen       total 29184K, used 6457K [0x00000000c0000000, 0x00000000c1c80000, 0x00000000eaa80000)
  object space 29184K, 22% used [0x00000000c0000000,0x00000000c064e648,0x00000000c1c80000)
 PSPermGen       total 21504K, used 5853K [0x00000000bae00000, 0x00000000bc300000, 0x00000000c0000000)
  object space 21504K, 27% used [0x00000000bae00000,0x00000000bb3b77c0,0x00000000bc300000)

